<?xml version="1.0" encoding="UTF-8"?>
<!-- Generated by org.testng.reporters.JUnitXMLReporter -->
<testsuite ignored="0" hostname="DESKTOP-9SMCAAT" failures="1" tests="1" name="Firefoxtest" time="7.43" errors="0" timestamp="2025-04-23T12:06:47 IST">
  <testcase classname="ProjectOnLMS.LoginLMS" name="login" time="0.0">
    <failure type="org.testng.TestNGException" message="
Parameter &amp;apos;Email&amp;apos; is required by @Test on method login but has not been marked @Optional or defined
in C:\Users\US\git\repository\Seleniumproject\src\test\java\ProjectOnLMS\testng.xml">
      <![CDATA[org.testng.TestNGException: 
Parameter 'Email' is required by @Test on method login but has not been marked @Optional or defined
in C:\Users\US\git\repository\Seleniumproject\src\test\java\ProjectOnLMS\testng.xml
at java.base/java.util.ArrayList.forEach(ArrayList.java:1597)
... Removed 26 stack frames]]>
    </failure>
  </testcase> <!-- login -->
</testsuite> <!-- Firefoxtest -->
