<?xml version="1.0" encoding="UTF-8"?>
<!-- Generated by org.testng.reporters.JUnitXMLReporter -->
<testsuite ignored="0" hostname="DESKTOP-9SMCAAT" failures="0" tests="5" name="Test" time="60.335" errors="0" timestamp="2025-08-01T00:33:40 IST">
  <testcase classname="Base.BaseTest" name="setUp" time="10.56"/>
  <testcase classname="Base.LoginTest" name="confirmImportantElementsExist" time="0.217"/>
  <testcase classname="Base.LoginTest" name="tryInvalidLoginAndCheckError" time="1.543"/>
  <testcase classname="Base.LoginTest" name="verifyLoginButtonDisabledInitially" time="0.138"/>
  <testcase classname="Base.LoginTest" name="verifyPasswordVisibilityToggle" time="0.387"/>
</testsuite> <!-- Test -->
