<?xml version="1.0" encoding="UTF-8"?>
<testng-results ignored="0" total="1" passed="1" failed="0" skipped="0">
  <reporter-output>
  </reporter-output>
  <suite started-at="2025-04-21T16:54:59 IST" name="Default suite" finished-at="2025-04-21T16:55:14 IST" duration-ms="14783">
    <groups>
    </groups>
    <test started-at="2025-04-21T16:54:59 IST" name="Default test" finished-at="2025-04-21T16:55:14 IST" duration-ms="14783">
      <class name="createlead.Lead">
        <test-method is-config="true" signature="Login()[pri:0, instance:createlead.Lead@11bd0f3b]" started-at="2025-04-21T16:55:00 IST" name="Login" finished-at="2025-04-21T16:55:07 IST" duration-ms="7116" status="PASS">
          <reporter-output>
          </reporter-output>
        </test-method> <!-- Login -->
        <test-method signature="createLead()[pri:1, instance:createlead.Lead@11bd0f3b]" started-at="2025-04-21T16:55:07 IST" name="createLead" finished-at="2025-04-21T16:55:14 IST" duration-ms="7566" status="PASS">
          <reporter-output>
          </reporter-output>
        </test-method> <!-- createLead -->
      </class> <!-- createlead.Lead -->
    </test> <!-- Default test -->
  </suite> <!-- Default suite -->
</testng-results>
